<?xml version="1.0" encoding="UTF-8"?>
<!-- Generated by org.testng.reporters.JUnitReportReporter -->
<testsuite hostname="DESKTOP-LQCK449" failures="0" tests="1" name="com.nakshatratechnohub.hubsched.Practice_Code" time="19.302" errors="0" timestamp="2023-12-12T11:14:40 IST" skipped="0">
  <testcase classname="com.nakshatratechnohub.hubsched.Practice_Code" name="Verify_Login" time="19.302"/>
</testsuite> <!-- com.nakshatratechnohub.hubsched.Practice_Code -->
