<?xml version="1.0" encoding="UTF-8"?>
<!-- Generated by org.testng.reporters.JUnitReportReporter -->
<testsuite hostname="DESKTOP-LQCK449" failures="0" tests="1" name="com.nakshatratechnohub.hubsched.Web_Automation" time="23.816" errors="0" timestamp="2024-07-15T18:30:53 IST" skipped="0">
  <testcase classname="com.nakshatratechnohub.hubsched.Web_Automation" name="addempAutomation" time="23.816"/>
</testsuite> <!-- com.nakshatratechnohub.hubsched.Web_Automation -->
